Case #1: 1 1
Case #2: 2 0
Case #3: 2 0
Case #4: 511 489
Case #5: 500 0
Case #6: 175 107
Case #7: 500 0
Case #8: 229 1
Case #9: 188 105
Case #10: 195 110
Case #11: 223 100
Case #12: 502 0
Case #13: 211 1
Case #14: 184 110
Case #15: 500 0
Case #16: 209 101
Case #17: 3 1
Case #18: 500 0
Case #19: 500 0
Case #20: 171 1
Case #21: 225 102
Case #22: 205 0
Case #23: 179 110
Case #24: 212 103
Case #25: 244 101
Case #26: 188 0
Case #27: 227 101
Case #28: 248 0
Case #29: 212 107
Case #30: 524 476
Case #31: 237 108
Case #32: 181 1
Case #33: 244 0
Case #34: 177 0
Case #35: 198 1
Case #36: 196 0
Case #37: 500 0
Case #38: 226 1
Case #39: 218 108
Case #40: 500 0
Case #41: 210 100
Case #42: 243 1
Case #43: 232 1
Case #44: 242 0
Case #45: 241 100
Case #46: 235 103
Case #47: 500 0
Case #48: 223 1
Case #49: 200 0
Case #50: 206 104
Case #51: 190 0
Case #52: 223 105
Case #53: 218 1
Case #54: 184 1
Case #55: 232 0
Case #56: 222 0
Case #57: 186 100
Case #58: 223 0
Case #59: 183 103
Case #60: 194 0
Case #61: 246 108
Case #62: 500 0
Case #63: 1000 0
Case #64: 193 1
Case #65: 500 1
Case #66: 500 0
Case #67: 183 1
Case #68: 189 1
Case #69: 216 1
Case #70: 192 0
Case #71: 500 0
Case #72: 202 104
Case #73: 247 0
Case #74: 1 0
Case #75: 247 1
Case #76: 202 1
Case #77: 172 104
Case #78: 220 104
Case #79: 241 101
Case #80: 242 0
Case #81: 500 0
Case #82: 214 108
Case #83: 222 103
Case #84: 195 100
Case #85: 194 104
Case #86: 500 0
Case #87: 199 0
Case #88: 174 1
Case #89: 213 110
Case #90: 500 0
Case #91: 1 1
Case #92: 224 101
Case #93: 204 1
Case #94: 168 0
Case #95: 176 1
Case #96: 2 0
Case #97: 183 0
Case #98: 500 0
Case #99: 193 0
Case #100: 223 106
